C:\USERS\LIKAI\DOCUMENTS\VISUAL STUDIO 2010\PROJECTS\YU-CRYPTO\DEBUG\YU-CRYPTO.EXE
C:\USERS\LIKAI\DOCUMENTS\VISUAL STUDIO 2010\PROJECTS\YU-CRYPTO\DEBUG\YU-CRYPTO.ILK
C:\USERS\LIKAI\DOCUMENTS\VISUAL STUDIO 2010\PROJECTS\YU-CRYPTO\DEBUG\YU-CRYPTO.PDB
C:\Users\LiKai\documents\visual studio 2010\Projects\Yu-Crypto\Yu-Crypto\Debug\cl.command.1.tlog
C:\Users\LiKai\documents\visual studio 2010\Projects\Yu-Crypto\Yu-Crypto\Debug\CL.read.1.tlog
C:\Users\LiKai\documents\visual studio 2010\Projects\Yu-Crypto\Yu-Crypto\Debug\CL.write.1.tlog
C:\Users\LiKai\documents\visual studio 2010\Projects\Yu-Crypto\Yu-Crypto\Debug\link.13872.read.1.tlog
C:\Users\LiKai\documents\visual studio 2010\Projects\Yu-Crypto\Yu-Crypto\Debug\link.13872.write.1.tlog
C:\Users\LiKai\documents\visual studio 2010\Projects\Yu-Crypto\Yu-Crypto\Debug\link.8744.read.1.tlog
C:\Users\LiKai\documents\visual studio 2010\Projects\Yu-Crypto\Yu-Crypto\Debug\link.8744.write.1.tlog
C:\Users\LiKai\documents\visual studio 2010\Projects\Yu-Crypto\Yu-Crypto\Debug\link.8744-cvtres.read.1.tlog
C:\Users\LiKai\documents\visual studio 2010\Projects\Yu-Crypto\Yu-Crypto\Debug\link.8744-cvtres.write.1.tlog
C:\Users\LiKai\documents\visual studio 2010\Projects\Yu-Crypto\Yu-Crypto\Debug\link.9532.read.1.tlog
C:\Users\LiKai\documents\visual studio 2010\Projects\Yu-Crypto\Yu-Crypto\Debug\link.9532.write.1.tlog
C:\Users\LiKai\documents\visual studio 2010\Projects\Yu-Crypto\Yu-Crypto\Debug\link.9852.read.1.tlog
C:\Users\LiKai\documents\visual studio 2010\Projects\Yu-Crypto\Yu-Crypto\Debug\link.9852.write.1.tlog
C:\Users\LiKai\documents\visual studio 2010\Projects\Yu-Crypto\Yu-Crypto\Debug\link.command.1.tlog
C:\Users\LiKai\documents\visual studio 2010\Projects\Yu-Crypto\Yu-Crypto\Debug\link.read.1.tlog
C:\Users\LiKai\documents\visual studio 2010\Projects\Yu-Crypto\Yu-Crypto\Debug\link.write.1.tlog
C:\Users\LiKai\documents\visual studio 2010\Projects\Yu-Crypto\Yu-Crypto\Debug\link-cvtres.read.1.tlog
C:\Users\LiKai\documents\visual studio 2010\Projects\Yu-Crypto\Yu-Crypto\Debug\link-cvtres.write.1.tlog
C:\Users\LiKai\documents\visual studio 2010\Projects\Yu-Crypto\Yu-Crypto\Debug\mt.command.1.tlog
C:\Users\LiKai\documents\visual studio 2010\Projects\Yu-Crypto\Yu-Crypto\Debug\mt.read.1.tlog
C:\Users\LiKai\documents\visual studio 2010\Projects\Yu-Crypto\Yu-Crypto\Debug\mt.write.1.tlog
C:\Users\LiKai\documents\visual studio 2010\Projects\Yu-Crypto\Yu-Crypto\Debug\rc.command.1.tlog
C:\Users\LiKai\documents\visual studio 2010\Projects\Yu-Crypto\Yu-Crypto\Debug\rc.read.1.tlog
C:\Users\LiKai\documents\visual studio 2010\Projects\Yu-Crypto\Yu-Crypto\Debug\rc.write.1.tlog
C:\USERS\LIKAI\DOCUMENTS\VISUAL STUDIO 2010\PROJECTS\YU-CRYPTO\YU-CRYPTO\DEBUG\STDAFX.OBJ
C:\Users\LiKai\documents\visual studio 2010\Projects\Yu-Crypto\Yu-Crypto\Debug\vc100.idb
C:\USERS\LIKAI\DOCUMENTS\VISUAL STUDIO 2010\PROJECTS\YU-CRYPTO\YU-CRYPTO\DEBUG\VC100.PDB
C:\USERS\LIKAI\DOCUMENTS\VISUAL STUDIO 2010\PROJECTS\YU-CRYPTO\YU-CRYPTO\DEBUG\YU-CRYPTO.EXE.EMBED.MANIFEST
C:\USERS\LIKAI\DOCUMENTS\VISUAL STUDIO 2010\PROJECTS\YU-CRYPTO\YU-CRYPTO\DEBUG\YU-CRYPTO.EXE.EMBED.MANIFEST.RES
C:\USERS\LIKAI\DOCUMENTS\VISUAL STUDIO 2010\PROJECTS\YU-CRYPTO\YU-CRYPTO\DEBUG\YU-CRYPTO.EXE.INTERMEDIATE.MANIFEST
C:\USERS\LIKAI\DOCUMENTS\VISUAL STUDIO 2010\PROJECTS\YU-CRYPTO\YU-CRYPTO\DEBUG\YU-CRYPTO.OBJ
C:\USERS\LIKAI\DOCUMENTS\VISUAL STUDIO 2010\PROJECTS\YU-CRYPTO\YU-CRYPTO\DEBUG\YU-CRYPTO.PCH
C:\USERS\LIKAI\DOCUMENTS\VISUAL STUDIO 2010\PROJECTS\YU-CRYPTO\YU-CRYPTO\DEBUG\YU-CRYPTO.RES
C:\Users\LiKai\documents\visual studio 2010\Projects\Yu-Crypto\Yu-Crypto\Debug\Yu-Crypto.vcxprojResolveAssemblyReference.cache
C:\Users\LiKai\documents\visual studio 2010\Projects\Yu-Crypto\Yu-Crypto\Debug\Yu-Crypto.write.1.tlog
C:\Users\LiKai\documents\visual studio 2010\Projects\Yu-Crypto\Yu-Crypto\Debug\Yu-Crypto_manifest.rc
C:\USERS\LIKAI\DOCUMENTS\VISUAL STUDIO 2010\PROJECTS\YU-CRYPTO\YU-CRYPTO\DEBUG\YU-CRYPTODLG.OBJ
