生成启动时间为 2021/12/30 20:13:49。
     1>项目“C:\Users\LiKai\a_doc\security\基于MFC的加密解密系统-李开源-u201814057\Yu-Crypto\Yu-Crypto\Yu-Crypto.vcxproj”在节点 2 上(build 个目标)。
     1>InitializeBuildStatus:
         正在创建“Debug\Yu-Crypto.unsuccessfulbuild”，因为已指定“AlwaysCreate”。
       ClCompile:
         所有输出均为最新。
         C:\Program Files (x86)\Microsoft Visual Studio 10.0\VC\bin\CL.exe /c /ZI /nologo /W3 /WX- /Od /Oy- /D WIN32 /D _WINDOWS /D _DEBUG /D _MBCS /Gm /EHsc /RTC1 /MTd /GS /fp:precise /Zc:wchar_t /Zc:forScope /Yu"StdAfx.h" /Fp"Debug\Yu-Crypto.pch" /Fo"Debug\\" /Fd"Debug\vc100.pdb" /Gd /TP /analyze- /errorReport:prompt "Yu-CryptoDlg.cpp"
         Yu-CryptoDlg.cpp
     1>c:\users\likai\a_doc\security\基于mfc的加密解密系统-李开源-u201814057\yu-crypto\yu-crypto\yu-cryptodlg.cpp(769): warning C4244: “参数”: 从“time_t”转换到“unsigned int”，可能丢失数据
       ResourceCompile:
         所有输出均为最新。
       ManifestResourceCompile:
         所有输出均为最新。
       Link:
         C:\Program Files (x86)\Microsoft Visual Studio 10.0\VC\bin\link.exe /ERRORREPORT:PROMPT /OUT:"C:\Users\LiKai\a_doc\security\基于MFC的加密解密系统-李开源-u201814057\Yu-Crypto\Debug\Yu-Crypto.exe" /INCREMENTAL /NOLOGO /MANIFEST /ManifestFile:"Debug\Yu-Crypto.exe.intermediate.manifest" /MANIFESTUAC:"level='asInvoker' uiAccess='false'" /DEBUG /PDB:"C:\Users\LiKai\a_doc\security\基于MFC的加密解密系统-李开源-u201814057\Yu-Crypto\Debug\Yu-Crypto.pdb" /SUBSYSTEM:WINDOWS /TLBID:1 /DYNAMICBASE /NXCOMPAT /IMPLIB:"C:\Users\LiKai\a_doc\security\基于MFC的加密解密系统-李开源-u201814057\Yu-Crypto\Debug\Yu-Crypto.lib" /MACHINE:X86 /PROFILE "Debug\Yu-Crypto.res"
         "Debug\Yu-Crypto.exe.embed.manifest.res"
         Debug\stdafx.obj
         "Debug\Yu-Crypto.obj"
         "Debug\Yu-CryptoDlg.obj"
     1>LINK : warning LNK4075: 忽略“/INCREMENTAL”(由于“/PROFILE”规范)
     1>stdafx.obj : warning LNK4075: 忽略“/EDITANDCONTINUE”(由于“/OPT:REF”规范)
       Manifest:
         C:\Program Files (x86)\Microsoft SDKs\Windows\v7.0A\bin\mt.exe /nologo /verbose /out:"Debug\Yu-Crypto.exe.embed.manifest" /manifest "Debug\Yu-Crypto.exe.intermediate.manifest" "C:\Program Files (x86)\Microsoft Visual Studio 10.0\VC\Include\Manifest\dpiaware.manifest"
         所有输出均为最新。
       LinkEmbedManifest:
         所有输出均为最新。
         Yu-Crypto.vcxproj -> C:\Users\LiKai\a_doc\security\基于MFC的加密解密系统-李开源-u201814057\Yu-Crypto\Debug\Yu-Crypto.exe
       FinalizeBuildStatus:
         正在删除文件“Debug\Yu-Crypto.unsuccessfulbuild”。
         正在对“Debug\Yu-Crypto.lastbuildstate”执行 Touch 任务。
     1>已完成生成项目“C:\Users\LiKai\a_doc\security\基于MFC的加密解密系统-李开源-u201814057\Yu-Crypto\Yu-Crypto\Yu-Crypto.vcxproj”(build 个目标)的操作。

生成成功。

已用时间 00:00:01.92
